# JRE version: OpenJDK Runtime Environment Temurin-17.0.7+7 (17.0.7+7) (build 17.0.7+7)
# Java VM: OpenJDK 64-Bit Server VM Temurin-17.0.7+7 (17.0.7+7, mixed mode, tiered, compressed oops, compressed class ptrs, g1 gc, windows-amd64)
GC Precious Log:
 CPUs: 4 total, 4 available
 Memory: 8095M
 Large Page Support: Disabled
 NUMA Support: Disabled
 Compressed Oops: Enabled (32-bit)
 Heap Region Size: 1M
 Heap Min Capacity: 8M
 Heap Initial Capacity: 128M
 Heap Max Capacity: 2024M
 Pre-touch: Disabled
 Parallel Workers: 4
 Concurrent Workers: 1
 Concurrent Refinement Workers: 4
 Periodic GC: Disabled
Heap:
 garbage-first heap   total 116736K, used 50362K [0x0000000081800000, 0x0000000100000000)
  region size 1024K, 2 young (2048K), 2 survivors (2048K)
 Metaspace       used 38633K, committed 38912K, reserved 1114112K
  class space    used 4151K, committed 4288K, reserved 1048576K
GC Heap History (20 events):
Event: 11.904 GC heap after
{Heap after GC invocations=10 (full 0):
 garbage-first heap   total 79872K, used 11961K [0x0000000081800000, 0x0000000100000000)
  region size 1024K, 2 young (2048K), 2 survivors (2048K)
 Metaspace       used 25351K, committed 25600K, reserved 1114112K
  class space    used 2707K, committed 2816K, reserved 1048576K
}
Event: 13.120 GC heap before
{Heap before GC invocations=10 (full 0):
 garbage-first heap   total 79872K, used 57017K [0x0000000081800000, 0x0000000100000000)
  region size 1024K, 46 young (47104K), 2 survivors (2048K)
 Metaspace       used 25988K, committed 26176K, reserved 1114112K
  class space    used 2735K, committed 2816K, reserved 1048576K
}
Event: 13.138 GC heap after
{Heap after GC invocations=11 (full 0):
 garbage-first heap   total 79872K, used 14295K [0x0000000081800000, 0x0000000100000000)
  region size 1024K, 4 young (4096K), 4 survivors (4096K)
 Metaspace       used 25988K, committed 26176K, reserved 1114112K
  class space    used 2735K, committed 2816K, reserved 1048576K
}
Event: 15.438 GC heap before
{Heap before GC invocations=11 (full 0):
 garbage-first heap   total 79872K, used 62423K [0x0000000081800000, 0x0000000100000000)
  region size 1024K, 46 young (47104K), 4 survivors (4096K)
 Metaspace       used 29707K, committed 29952K, reserved 1114112K
  class space    used 3139K, committed 3264K, reserved 1048576K
}
Event: 15.463 GC heap after
{Heap after GC invocations=12 (full 0):
 garbage-first heap   total 79872K, used 21182K [0x0000000081800000, 0x0000000100000000)
  region size 1024K, 6 young (6144K), 6 survivors (6144K)
 Metaspace       used 29707K, committed 29952K, reserved 1114112K
  class space    used 3139K, committed 3264K, reserved 1048576K
}
Event: 16.773 GC heap before
{Heap before GC invocations=12 (full 0):
 garbage-first heap   total 79872K, used 61118K [0x0000000081800000, 0x0000000100000000)
  region size 1024K, 44 young (45056K), 6 survivors (6144K)
 Metaspace       used 35259K, committed 35520K, reserved 1114112K
  class space    used 3792K, committed 3904K, reserved 1048576K
}
Event: 16.799 GC heap after
{Heap after GC invocations=13 (full 0):
 garbage-first heap   total 79872K, used 29801K [0x0000000081800000, 0x0000000100000000)
  region size 1024K, 6 young (6144K), 6 survivors (6144K)
 Metaspace       used 35259K, committed 35520K, reserved 1114112K
  class space    used 3792K, committed 3904K, reserved 1048576K
}
Event: 17.478 GC heap before
{Heap before GC invocations=13 (full 0):
 garbage-first heap   total 79872K, used 56425K [0x0000000081800000, 0x0000000100000000)
  region size 1024K, 33 young (33792K), 6 survivors (6144K)
 Metaspace       used 35765K, committed 35968K, reserved 1114112K
  class space    used 3851K, committed 3968K, reserved 1048576K
}
Event: 17.508 GC heap after
{Heap after GC invocations=14 (full 0):
 garbage-first heap   total 96256K, used 36352K [0x0000000081800000, 0x0000000100000000)
  region size 1024K, 5 young (5120K), 5 survivors (5120K)
 Metaspace       used 35765K, committed 35968K, reserved 1114112K
  class space    used 3851K, committed 3968K, reserved 1048576K
}
Event: 18.729 GC heap before
{Heap before GC invocations=15 (full 0):
 garbage-first heap   total 96256K, used 72192K [0x0000000081800000, 0x0000000100000000)
  region size 1024K, 36 young (36864K), 5 survivors (5120K)
 Metaspace       used 36849K, committed 37120K, reserved 1114112K
  class space    used 3986K, committed 4096K, reserved 1048576K
}
Event: 18.758 GC heap after
{Heap after GC invocations=16 (full 0):
 garbage-first heap   total 96256K, used 46080K [0x0000000081800000, 0x0000000100000000)
  region size 1024K, 5 young (5120K), 5 survivors (5120K)
 Metaspace       used 36849K, committed 37120K, reserved 1114112K
  class space    used 3986K, committed 4096K, reserved 1048576K
}
Event: 19.215 GC heap before
{Heap before GC invocations=16 (full 0):
 garbage-first heap   total 96256K, used 68608K [0x0000000081800000, 0x0000000100000000)
  region size 1024K, 27 young (27648K), 5 survivors (5120K)
 Metaspace       used 36858K, committed 37120K, reserved 1114112K
  class space    used 3986K, committed 4096K, reserved 1048576K
}
Event: 19.241 GC heap after
{Heap after GC invocations=17 (full 0):
 garbage-first heap   total 96256K, used 54272K [0x0000000081800000, 0x0000000100000000)
  region size 1024K, 4 young (4096K), 4 survivors (4096K)
 Metaspace       used 36858K, committed 37120K, reserved 1114112K
  class space    used 3986K, committed 4096K, reserved 1048576K
}
Event: 19.751 GC heap before
{Heap before GC invocations=17 (full 0):
 garbage-first heap   total 96256K, used 69632K [0x0000000081800000, 0x0000000100000000)
  region size 1024K, 20 young (20480K), 4 survivors (4096K)
 Metaspace       used 36905K, committed 37184K, reserved 1114112K
  class space    used 3986K, committed 4096K, reserved 1048576K
}
Event: 19.769 GC heap after
{Heap after GC invocations=18 (full 0):
 garbage-first heap   total 96256K, used 58880K [0x0000000081800000, 0x0000000100000000)
  region size 1024K, 3 young (3072K), 3 survivors (3072K)
 Metaspace       used 36905K, committed 37184K, reserved 1114112K
  class space    used 3986K, committed 4096K, reserved 1048576K
}
Event: 20.373 GC heap before
{Heap before GC invocations=19 (full 0):
 garbage-first heap   total 99328K, used 70144K [0x0000000081800000, 0x0000000100000000)
  region size 1024K, 16 young (16384K), 3 survivors (3072K)
 Metaspace       used 37000K, committed 37248K, reserved 1114112K
  class space    used 3987K, committed 4096K, reserved 1048576K
}
Event: 20.385 GC heap after
{Heap after GC invocations=20 (full 0):
 garbage-first heap   total 99328K, used 55913K [0x0000000081800000, 0x0000000100000000)
  region size 1024K, 1 young (1024K), 1 survivors (1024K)
 Metaspace       used 37000K, committed 37248K, reserved 1114112K
  class space    used 3987K, committed 4096K, reserved 1048576K
}
Event: 20.443 GC heap before
{Heap before GC invocations=20 (full 0):
 garbage-first heap   total 99328K, used 58985K [0x0000000081800000, 0x0000000100000000)
  region size 1024K, 4 young (4096K), 1 survivors (1024K)
 Metaspace       used 37008K, committed 37248K, reserved 1114112K
  class space    used 3987K, committed 4096K, reserved 1048576K
}
Event: 20.453 GC heap after
{Heap after GC invocations=21 (full 0):
 garbage-first heap   total 99328K, used 49397K [0x0000000081800000, 0x0000000100000000)
  region size 1024K, 1 young (1024K), 1 survivors (1024K)
 Metaspace       used 37008K, committed 37248K, reserved 1114112K
  class space    used 3987K, committed 4096K, reserved 1048576K
}
Event: 21.288 GC heap before
{Heap before GC invocations=21 (full 0):
 garbage-first heap   total 99328K, used 71925K [0x0000000081800000, 0x0000000100000000)
  region size 1024K, 23 young (23552K), 1 survivors (1024K)
 Metaspace       used 38633K, committed 38912K, reserved 1114112K
  class space    used 4151K, committed 4288K, reserved 1048576K
}

